
Lmod 已经自动将 "intel/2020.1.217" 替换为 "gcc/9.3.0"


Due to MODULEPATH changes, the following have been reloaded:
  1) blis/0.8.1     2) flexiblas/3.0.4     3) openmpi/4.0.3

/localscratch/spool/slurmd/job40389913/slurm_script: line 9: /home/imadlak/.venv/moore_minigrid/bin/activate: No such file or directory
Defaulting to user installation because normal site-packages is not writeable
Looking in links: /cvmfs/soft.computecanada.ca/custom/python/wheelhouse/gentoo2020/avx2, /cvmfs/soft.computecanada.ca/custom/python/wheelhouse/gentoo/avx2, /cvmfs/soft.computecanada.ca/custom/python/wheelhouse/gentoo2020/generic, /cvmfs/soft.computecanada.ca/custom/python/wheelhouse/gentoo/generic, /cvmfs/soft.computecanada.ca/custom/python/wheelhouse/generic
Requirement already satisfied: numpy in /home/imadlak/.local/lib/python3.8/site-packages (1.22.2+computecanada)
/localscratch/spool/slurmd/job40389913/slurm_script: line 11: cd: project/def-bboulet/imadlak/program/MOORE: No such file or directory
/home/imadlak/.local/lib/python3.8/site-packages/pygame/pkgdata.py:25: DeprecationWarning: pkg_resources is deprecated as an API. See https://setuptools.pypa.io/en/latest/pkg_resources.html
  from pkg_resources import resource_stream, resource_exists
Traceback (most recent call last):
  File "run_minigrid_ppo_mt.py", line 10, in <module>
    from moore.algorithms.actor_critic import MTPPO
  File "/lustre06/project/6002409/imadlak/program/MOORE/moore/algorithms/actor_critic/__init__.py", line 1, in <module>
    from .deep_actor_critic import MTPPO, MTPPOPCGrad
  File "/lustre06/project/6002409/imadlak/program/MOORE/moore/algorithms/actor_critic/deep_actor_critic/__init__.py", line 1, in <module>
    from .mtppo import MTPPO
  File "/lustre06/project/6002409/imadlak/program/MOORE/moore/algorithms/actor_critic/deep_actor_critic/mtppo.py", line 11, in <module>
    from mushroom_rl.utils.dataset import compute_J
  File "/home/imadlak/.local/lib/python3.8/site-packages/mushroom_rl/utils/dataset.py", line 3, in <module>
    from mushroom_rl.utils.frames import LazyFrames
  File "/home/imadlak/.local/lib/python3.8/site-packages/mushroom_rl/utils/frames.py", line 2, in <module>
    import cv2
ModuleNotFoundError: No module named 'cv2'
