
Lmod 已经自动将 "intel/2020.1.217" 替换为 "gcc/9.3.0"


Lmod 已经自动将 "intel/2020.1.217" 替换为 "gcc/9.3.0"

Lmod Warning:
-------------------------------------------------------------------------------
The following dependent module(s) are not currently loaded: python/3.10.2
(required by: ipykernel/2023b, scipy-stack/2023b)
-------------------------------------------------------------------------------



Ignoring pip: markers 'python_version < "3"' don't match your environment
Looking in links: /cvmfs/soft.computecanada.ca/custom/python/wheelhouse/gentoo2020/avx2, /cvmfs/soft.computecanada.ca/custom/python/wheelhouse/gentoo/avx2, /cvmfs/soft.computecanada.ca/custom/python/wheelhouse/gentoo2020/generic, /cvmfs/soft.computecanada.ca/custom/python/wheelhouse/gentoo/generic, /cvmfs/soft.computecanada.ca/custom/python/wheelhouse/generic
Requirement already satisfied: numpy in /home/imadlak/.venv/moore_minigrid/lib/python3.8/site-packages (1.24.2+computecanada)
/localscratch/spool/slurmd/job40393411/slurm_script: line 11: cd: project/def-bboulet/imadlak/program/MOORE: No such file or directory
/home/imadlak/.venv/moore_minigrid/lib/python3.8/site-packages/wandb/analytics/sentry.py:90: SentryHubDeprecationWarning: `sentry_sdk.Hub` is deprecated and will be removed in a future major release. Please consult our 1.x to 2.x migration guide for details on how to migrate `Hub` usage to the new API: https://docs.sentry.io/platforms/python/migration/1.x-to-2.x
  self.hub = sentry_sdk.Hub(client)
usage: run_minigrid_ppo_mt.py [-h] [--env_name ENV_NAME] [--horizon HORIZON]
                              [--gamma GAMMA] [--gamma_eval GAMMA_EVAL]
                              [--normalize_reward] [--exp_type EXP_TYPE]
                              [--sample_task_per_episode]
                              [--initial_replay_size INITIAL_REPLAY_SIZE]
                              [--max_replay_size MAX_REPLAY_SIZE]
                              [--warmup_transitions WARMUP_TRANSITIONS]
                              [--tau TAU]
                              [--activation {ReLU,Sigmoid,Tanh,Linear}]
                              [--n_head_features N_HEAD_FEATURES [N_HEAD_FEATURES ...]]
                              [--train_frequency TRAIN_FREQUENCY]
                              [--batch_size BATCH_SIZE] [--n_epochs N_EPOCHS]
                              [--start_epoch START_EPOCH] [--n_steps N_STEPS]
                              [--n_episodes N_EPISODES]
                              [--n_steps_test N_STEPS_TEST]
                              [--n_episodes_test N_EPISODES_TEST]
                              [--load_critic LOAD_CRITIC]
                              [--load_actor LOAD_ACTOR]
                              [--load_agent LOAD_AGENT] [--dropout]
                              [--actor_network ACTOR_NETWORK]
                              [--actor_mu_network ACTOR_MU_NETWORK]
                              [--actor_sigma_network ACTOR_SIGMA_NETWORK]
                              [--actor_n_features ACTOR_N_FEATURES [ACTOR_N_FEATURES ...]]
                              [--actor_mu_n_features ACTOR_MU_N_FEATURES [ACTOR_MU_N_FEATURES ...]]
                              [--actor_sigma_n_features ACTOR_SIGMA_N_FEATURES [ACTOR_SIGMA_N_FEATURES ...]]
                              [--critic_network CRITIC_NETWORK]
                              [--critic_n_features CRITIC_N_FEATURES [CRITIC_N_FEATURES ...]]
                              [--lr_actor LR_ACTOR] [--lr_critic LR_CRITIC]
                              [--lr_alpha LR_ALPHA]
                              [--target_entropy TARGET_ENTROPY]
                              [--log_std_min LOG_STD_MIN]
                              [--log_std_max LOG_STD_MAX] [--shared_mu_sigma]
                              [--orthogonal] [--n_experts N_EXPERTS]
                              [--agg_activation AGG_ACTIVATION [AGG_ACTIVATION ...]]
                              [--use_cuda] [--render_train] [--render_eval]
                              [--render_final]
                              [--render_interval RENDER_INTERVAL]
                              [--render_mode RENDER_MODE]
                              [--rl_checkpoint_interval RL_CHECKPOINT_INTERVAL]
                              [--quiet] [--evaluate] [--debug] [--wandb]
                              [--wandb_entity WANDB_ENTITY] [--use_timestamp]
                              [--results_dir RESULTS_DIR]
                              [--exp_name EXP_NAME] [--n_exp N_EXP]
                              [--seed SEED [SEED ...]]
run_minigrid_ppo_mt.py: error: argument --env_name: expected one argument
